<?xml version="1.0" encoding="UTF-8"?>
<testsuite xmlns:xsi="http://www.w3.org/2001/XMLSchema-instance" xsi:schemaLocation="https://maven.apache.org/surefire/maven-surefire-plugin/xsd/surefire-test-report.xsd" name="RegisterDAB" time="0.651" tests="14" errors="0" skipped="0" failures="10">
  <properties>
    <property name="java.runtime.name" value="OpenJDK Runtime Environment"/>
    <property name="java.vm.version" value="11.0.11+9-Ubuntu-0ubuntu2.20.04"/>
    <property name="sun.boot.library.path" value="/usr/lib/jvm/java-11-openjdk-amd64/lib"/>
    <property name="maven.multiModuleProjectDirectory" value="/home/aitor/Coding/Bets21"/>
    <property name="java.vm.vendor" value="Ubuntu"/>
    <property name="java.vendor.url" value="https://ubuntu.com/"/>
    <property name="guice.disable.misplaced.annotation.check" value="true"/>
    <property name="path.separator" value=":"/>
    <property name="java.vm.name" value="OpenJDK 64-Bit Server VM"/>
    <property name="sun.os.patch.level" value="unknown"/>
    <property name="user.country" value="US"/>
    <property name="sun.java.launcher" value="SUN_STANDARD"/>
    <property name="java.vm.specification.name" value="Java Virtual Machine Specification"/>
    <property name="user.dir" value="/home/aitor/Coding/Bets21"/>
    <property name="java.vm.compressedOopsMode" value="Zero based"/>
    <property name="java.runtime.version" value="11.0.11+9-Ubuntu-0ubuntu2.20.04"/>
    <property name="java.awt.graphicsenv" value="sun.awt.X11GraphicsEnvironment"/>
    <property name="os.arch" value="amd64"/>
    <property name="java.io.tmpdir" value="/tmp"/>
    <property name="line.separator" value="&#10;"/>
    <property name="java.vm.specification.vendor" value="Oracle Corporation"/>
    <property name="os.name" value="Linux"/>
    <property name="classworlds.conf" value="/home/aitor/Coding/eclipseWorkspace/.metadata/.plugins/org.eclipse.m2e.launching/launches/m2conf16012019804855478730.tmp"/>
    <property name="sun.jnu.encoding" value="UTF-8"/>
    <property name="java.library.path" value="/usr/java/packages/lib:/usr/lib/x86_64-linux-gnu/jni:/lib/x86_64-linux-gnu:/usr/lib/x86_64-linux-gnu:/usr/lib/jni:/lib:/usr/lib"/>
    <property name="jdk.debug" value="release"/>
    <property name="java.class.version" value="55.0"/>
    <property name="java.specification.name" value="Java Platform API Specification"/>
    <property name="sun.management.compiler" value="HotSpot 64-Bit Tiered Compilers"/>
    <property name="os.version" value="5.4.0-89-generic"/>
    <property name="user.home" value="/home/aitor"/>
    <property name="user.timezone" value="Europe/Madrid"/>
    <property name="java.awt.printerjob" value="sun.print.PSPrinterJob"/>
    <property name="file.encoding" value="UTF-8"/>
    <property name="java.specification.version" value="11"/>
    <property name="user.name" value="aitor"/>
    <property name="java.class.path" value="/snap/eclipse/48/plugins/org.eclipse.m2e.maven.runtime_1.14.0.20191209-1923/jars/plexus-classworlds-2.6.0.jar"/>
    <property name="java.vm.specification.version" value="11"/>
    <property name="sun.arch.data.model" value="64"/>
    <property name="sun.java.command" value="org.codehaus.plexus.classworlds.launcher.Launcher -B clean org.jacoco:jacoco-maven-plugin:prepare-agent org.jacoco:jacoco-maven-plugin:report install sonar:sonar"/>
    <property name="java.home" value="/usr/lib/jvm/java-11-openjdk-amd64"/>
    <property name="user.language" value="en"/>
    <property name="java.specification.vendor" value="Oracle Corporation"/>
    <property name="awt.toolkit" value="sun.awt.X11.XToolkit"/>
    <property name="java.vm.info" value="mixed mode, sharing"/>
    <property name="java.version" value="11.0.11"/>
    <property name="securerandom.source" value="file:/dev/./urandom"/>
    <property name="java.vendor" value="Ubuntu"/>
    <property name="maven.home" value="/home/aitor/Coding/Bets21/EMBEDDED"/>
    <property name="file.separator" value="/"/>
    <property name="java.version.date" value="2021-04-20"/>
    <property name="java.vendor.url.bug" value="https://bugs.launchpad.net/ubuntu/+source/openjdk-lts"/>
    <property name="sun.io.unicode.encoding" value="UnicodeLittle"/>
    <property name="sun.cpu.endian" value="little"/>
    <property name="sun.desktop" value="gnome"/>
    <property name="sun.cpu.isalist" value=""/>
  </properties>
  <testcase name="test5" classname="RegisterDAB" time="0.17">
    <failure type="java.lang.AssertionError:">java.lang.AssertionError: 
	at RegisterDAB.test5(RegisterDAB.java:151)
</failure>
    <system-out><![CDATA[Creating DataAccess instance => isDatabaseLocal: true getDatabBaseOpenMode: initialize
Opening DataAccess instance => isDatabaseLocal: true getDatabBaseOpenMode: initialize
Deleting the DataBase
Creating TestDataAccess instance
Opening TestDataAccess instance 
newDate: Sat Nov 10 00:00:00 CET 1990
Opening TestDataAccess instance 
>> DataAccessTest: removeEvent
>> DataAccessTest: addUser
DataBase closed
Opening TestDataAccess instance 
>> DataAccessTest: removeEvent
>> DataAccessTest: removeEvent
DataBase closed
]]></system-out>
  </testcase>
  <testcase name="test14" classname="RegisterDAB" time="0.04"/>
  <testcase name="test1" classname="RegisterDAB" time="0.054"/>
  <testcase name="test7" classname="RegisterDAB" time="0.042">
    <failure type="java.lang.AssertionError:">java.lang.AssertionError: 
	at RegisterDAB.test7(RegisterDAB.java:201)
</failure>
    <system-out><![CDATA[Creating DataAccess instance => isDatabaseLocal: true getDatabBaseOpenMode: initialize
Opening DataAccess instance => isDatabaseLocal: true getDatabBaseOpenMode: initialize
Deleting the DataBase
Creating TestDataAccess instance
Opening TestDataAccess instance 
newDate: Sat Nov 10 00:00:00 CET 1990
Opening TestDataAccess instance 
>> DataAccessTest: removeEvent
>> DataAccessTest: addUser
DataBase closed
Opening TestDataAccess instance 
>> DataAccessTest: removeEvent
DataBase closed
]]></system-out>
  </testcase>
  <testcase name="test8" classname="RegisterDAB" time="0.035">
    <failure type="java.lang.AssertionError:">java.lang.AssertionError: 
	at RegisterDAB.test8(RegisterDAB.java:220)
</failure>
    <system-out><![CDATA[Creating DataAccess instance => isDatabaseLocal: true getDatabBaseOpenMode: initialize
Opening DataAccess instance => isDatabaseLocal: true getDatabBaseOpenMode: initialize
Deleting the DataBase
Creating TestDataAccess instance
Opening TestDataAccess instance 
newDate: Sat Nov 10 00:00:00 CET 1990
Opening TestDataAccess instance 
>> DataAccessTest: removeEvent
>> DataAccessTest: addUser
DataBase closed
Opening TestDataAccess instance 
>> DataAccessTest: removeEvent
>> DataAccessTest: removeEvent
DataBase closed
]]></system-out>
  </testcase>
  <testcase name="test9" classname="RegisterDAB" time="0.045">
    <failure type="java.lang.AssertionError:">java.lang.AssertionError: 
	at RegisterDAB.test9(RegisterDAB.java:243)
</failure>
    <system-out><![CDATA[Creating DataAccess instance => isDatabaseLocal: true getDatabBaseOpenMode: initialize
Opening DataAccess instance => isDatabaseLocal: true getDatabBaseOpenMode: initialize
Deleting the DataBase
Creating TestDataAccess instance
Opening TestDataAccess instance 
newDate: Sat Nov 10 00:00:00 CET 1990
Opening TestDataAccess instance 
>> DataAccessTest: removeEvent
>> DataAccessTest: addUser
DataBase closed
Opening TestDataAccess instance 
>> DataAccessTest: removeEvent
>> DataAccessTest: removeEvent
DataBase closed
]]></system-out>
  </testcase>
  <testcase name="test10" classname="RegisterDAB" time="0.03">
    <failure type="java.lang.AssertionError:">java.lang.AssertionError: 
	at RegisterDAB.test10(RegisterDAB.java:265)
</failure>
    <system-out><![CDATA[Creating DataAccess instance => isDatabaseLocal: true getDatabBaseOpenMode: initialize
Opening DataAccess instance => isDatabaseLocal: true getDatabBaseOpenMode: initialize
Deleting the DataBase
Creating TestDataAccess instance
Opening TestDataAccess instance 
newDate: Sat Nov 10 00:00:00 CET 1990
Opening TestDataAccess instance 
>> DataAccessTest: removeEvent
>> DataAccessTest: addUser
DataBase closed
Opening TestDataAccess instance 
>> DataAccessTest: removeEvent
>> DataAccessTest: removeEvent
DataBase closed
]]></system-out>
  </testcase>
  <testcase name="test11" classname="RegisterDAB" time="0.028">
    <failure type="java.lang.AssertionError:">java.lang.AssertionError: 
	at RegisterDAB.test11(RegisterDAB.java:288)
</failure>
    <system-out><![CDATA[Creating DataAccess instance => isDatabaseLocal: true getDatabBaseOpenMode: initialize
Opening DataAccess instance => isDatabaseLocal: true getDatabBaseOpenMode: initialize
Deleting the DataBase
Creating TestDataAccess instance
Opening TestDataAccess instance 
newDate: Sat Nov 10 00:00:00 CET 1990
Opening TestDataAccess instance 
>> DataAccessTest: removeEvent
>> DataAccessTest: addUser
DataBase closed
Opening TestDataAccess instance 
>> DataAccessTest: removeEvent
>> DataAccessTest: removeEvent
DataBase closed
]]></system-out>
  </testcase>
  <testcase name="test12" classname="RegisterDAB" time="0.034">
    <failure type="java.lang.AssertionError:">java.lang.AssertionError: 
	at RegisterDAB.test12(RegisterDAB.java:311)
</failure>
    <system-out><![CDATA[Creating DataAccess instance => isDatabaseLocal: true getDatabBaseOpenMode: initialize
Opening DataAccess instance => isDatabaseLocal: true getDatabBaseOpenMode: initialize
Deleting the DataBase
Creating TestDataAccess instance
Opening TestDataAccess instance 
newDate: Sat Nov 10 00:00:00 CET 1990
Opening TestDataAccess instance 
>> DataAccessTest: removeEvent
>> DataAccessTest: addUser
DataBase closed
Opening TestDataAccess instance 
>> DataAccessTest: removeEvent
>> DataAccessTest: removeEvent
DataBase closed
]]></system-out>
  </testcase>
  <testcase name="test13" classname="RegisterDAB" time="0.031">
    <failure type="java.lang.AssertionError:">java.lang.AssertionError: 
	at RegisterDAB.test13(RegisterDAB.java:335)
</failure>
    <system-out><![CDATA[Creating DataAccess instance => isDatabaseLocal: true getDatabBaseOpenMode: initialize
Opening DataAccess instance => isDatabaseLocal: true getDatabBaseOpenMode: initialize
Deleting the DataBase
Creating TestDataAccess instance
Opening TestDataAccess instance 
newDate: Sat Nov 10 00:00:00 CET 1990
Opening TestDataAccess instance 
>> DataAccessTest: removeEvent
>> DataAccessTest: addUser
DataBase closed
newDate: Tue Nov 10 00:00:00 CET 2015
Opening TestDataAccess instance 
Opening TestDataAccess instance 
>> DataAccessTest: removeEvent
>> DataAccessTest: removeEvent
DataBase closed
]]></system-out>
  </testcase>
  <testcase name="test6" classname="RegisterDAB" time="0.029">
    <failure type="java.lang.AssertionError:">java.lang.AssertionError: 
	at RegisterDAB.test6(RegisterDAB.java:174)
</failure>
    <system-out><![CDATA[Creating DataAccess instance => isDatabaseLocal: true getDatabBaseOpenMode: initialize
Opening DataAccess instance => isDatabaseLocal: true getDatabBaseOpenMode: initialize
Deleting the DataBase
Creating TestDataAccess instance
Opening TestDataAccess instance 
newDate: Sat Nov 10 00:00:00 CET 1990
Opening TestDataAccess instance 
>> DataAccessTest: removeEvent
>> DataAccessTest: addUser
DataBase closed
Opening TestDataAccess instance 
>> DataAccessTest: removeEvent
>> DataAccessTest: removeEvent
DataBase closed
]]></system-out>
  </testcase>
  <testcase name="test2" classname="RegisterDAB" time="0.039"/>
  <testcase name="test4" classname="RegisterDAB" time="0.026">
    <failure type="java.lang.AssertionError:">java.lang.AssertionError: 
	at RegisterDAB.test4(RegisterDAB.java:128)
</failure>
    <system-out><![CDATA[Creating DataAccess instance => isDatabaseLocal: true getDatabBaseOpenMode: initialize
Opening DataAccess instance => isDatabaseLocal: true getDatabBaseOpenMode: initialize
Deleting the DataBase
Creating TestDataAccess instance
Opening TestDataAccess instance 
newDate: Sat Nov 10 00:00:00 CET 1990
Opening TestDataAccess instance 
>> DataAccessTest: removeEvent
>> DataAccessTest: addUser
DataBase closed
Opening TestDataAccess instance 
>> DataAccessTest: removeEvent
>> DataAccessTest: removeEvent
DataBase closed
]]></system-out>
  </testcase>
  <testcase name="test3" classname="RegisterDAB" time="0.045"/>
</testsuite>