<?xml version="1.0" encoding="UTF-8"?>
<testsuite xmlns:xsi="http://www.w3.org/2001/XMLSchema-instance" xsi:schemaLocation="https://maven.apache.org/surefire/maven-surefire-plugin/xsd/surefire-test-report.xsd" name="RemoveMezua2DAB" time="0.001" tests="1" errors="1" skipped="0" failures="0">
  <properties>
    <property name="java.runtime.name" value="OpenJDK Runtime Environment"/>
    <property name="java.vm.version" value="16.0.1+9-24"/>
    <property name="sun.boot.library.path" value="/opt/eclipse/plugins/org.eclipse.justj.openjdk.hotspot.jre.full.linux.x86_64_16.0.1.v20210528-1205/jre/lib"/>
    <property name="maven.multiModuleProjectDirectory" value="/users/958101/Desktop/Bets21"/>
    <property name="java.vm.vendor" value="Oracle Corporation"/>
    <property name="java.vendor.url" value="https://java.oracle.com/"/>
    <property name="path.separator" value=":"/>
    <property name="guice.disable.misplaced.annotation.check" value="true"/>
    <property name="java.vm.name" value="OpenJDK 64-Bit Server VM"/>
    <property name="user.country" value="ES"/>
    <property name="sun.java.launcher" value="SUN_STANDARD"/>
    <property name="java.vm.specification.name" value="Java Virtual Machine Specification"/>
    <property name="user.dir" value="/users/958101/Desktop/Bets21"/>
    <property name="java.vm.compressedOopsMode" value="Zero based"/>
    <property name="java.runtime.version" value="16.0.1+9-24"/>
    <property name="os.arch" value="amd64"/>
    <property name="java.io.tmpdir" value="/tmp"/>
    <property name="line.separator" value="&#10;"/>
    <property name="java.vm.specification.vendor" value="Oracle Corporation"/>
    <property name="os.name" value="Linux"/>
    <property name="classworlds.conf" value="/users/958101/eclipse-workspace/.metadata/.plugins/org.eclipse.m2e.launching/launches/m2conf15713314707309144057.tmp"/>
    <property name="sun.jnu.encoding" value="UTF-8"/>
    <property name="java.library.path" value="/usr/java/packages/lib:/usr/lib64:/lib64:/lib:/usr/lib"/>
    <property name="jdk.debug" value="release"/>
    <property name="java.class.version" value="60.0"/>
    <property name="java.specification.name" value="Java Platform API Specification"/>
    <property name="sun.management.compiler" value="HotSpot 64-Bit Tiered Compilers"/>
    <property name="os.version" value="5.4.0-80-generic"/>
    <property name="user.home" value="/users/958101"/>
    <property name="user.timezone" value="Europe/Madrid"/>
    <property name="file.encoding" value="UTF-8"/>
    <property name="java.specification.version" value="16"/>
    <property name="user.name" value="958101"/>
    <property name="java.class.path" value="/opt/eclipse/plugins/org.eclipse.m2e.maven.runtime_1.18.0.20210603-1206/jars/plexus-classworlds-2.6.0.jar"/>
    <property name="java.vm.specification.version" value="16"/>
    <property name="sun.arch.data.model" value="64"/>
    <property name="sun.java.command" value="org.codehaus.plexus.classworlds.launcher.Launcher -B clean org.jacoco:jacoco-maven-plugin:prepare-agent org.jacoco:jacoco-maven-plugin:report install sonar:sonar"/>
    <property name="java.home" value="/opt/eclipse/plugins/org.eclipse.justj.openjdk.hotspot.jre.full.linux.x86_64_16.0.1.v20210528-1205/jre"/>
    <property name="user.language" value="es"/>
    <property name="java.specification.vendor" value="Oracle Corporation"/>
    <property name="java.vm.info" value="mixed mode"/>
    <property name="java.version" value="16.0.1"/>
    <property name="securerandom.source" value="file:/dev/./urandom"/>
    <property name="java.vendor" value="Oracle Corporation"/>
    <property name="maven.home" value="/users/958101/Desktop/Bets21/EMBEDDED"/>
    <property name="file.separator" value="/"/>
    <property name="java.version.date" value="2021-04-20"/>
    <property name="java.vendor.url.bug" value="https://bugreport.java.com/bugreport/"/>
    <property name="sun.io.unicode.encoding" value="UnicodeLittle"/>
    <property name="sun.cpu.endian" value="little"/>
  </properties>
  <testcase name="test3" classname="RemoveMezua2DAB" time="0.001">
    <error message="No Persistence provider for EntityManager named objectdb:src/main/resources/bets.temp;drop" type="javax.persistence.PersistenceException"><![CDATA[javax.persistence.PersistenceException: No Persistence provider for EntityManager named objectdb:src/main/resources/bets.temp;drop
	at RemoveMezua2DAB.<init>(RemoveMezua2DAB.java:17)
]]></error>
    <system-out><![CDATA[Creating DataAccess instance => isDatabaseLocal: true getDatabBaseOpenMode: open
Opening DataAccess instance => isDatabaseLocal: true getDatabBaseOpenMode: open
Deleting the DataBase
]]></system-out>
  </testcase>
</testsuite>